<?xml version="1.0" encoding="UTF-8"?>
<testsuite xmlns:xsi="http://www.w3.org/2001/XMLSchema-instance" xsi:noNamespaceSchemaLocation="https://maven.apache.org/surefire/maven-surefire-plugin/xsd/surefire-test-report-3.0.xsd" version="3.0" name="com.o_miquelini.bot.youtube.YouTubeBotTest" time="0.048" tests="1" errors="0" skipped="0" failures="0">
  <properties>
    <property name="java.specification.version" value="21"/>
    <property name="sun.cpu.isalist" value="amd64"/>
    <property name="sun.jnu.encoding" value="Cp1252"/>
    <property name="java.class.path" value="C:\Users\Matheus Miquelini\Documents\Projetos\chatbot_java\chatbot\target\test-classes;C:\Users\Matheus Miquelini\Documents\Projetos\chatbot_java\chatbot\target\classes;C:\Users\Matheus Miquelini\.m2\repository\com\github\twitch4j\twitch4j\1.12.0\twitch4j-1.12.0.jar;C:\Users\Matheus Miquelini\.m2\repository\org\jetbrains\annotations\23.0.0\annotations-23.0.0.jar;C:\Users\Matheus Miquelini\.m2\repository\commons-configuration\commons-configuration\1.10\commons-configuration-1.10.jar;C:\Users\Matheus Miquelini\.m2\repository\commons-lang\commons-lang\2.6\commons-lang-2.6.jar;C:\Users\Matheus Miquelini\.m2\repository\com\bucket4j\bucket4j_jdk8-core\8.1.0\bucket4j_jdk8-core-8.1.0.jar;C:\Users\Matheus Miquelini\.m2\repository\com\github\philippheuer\credentialmanager\credentialmanager\0.1.4\credentialmanager-0.1.4.jar;C:\Users\Matheus Miquelini\.m2\repository\io\github\openfeign\feign-slf4j\11.9.1\feign-slf4j-11.9.1.jar;C:\Users\Matheus Miquelini\.m2\repository\io\github\openfeign\feign-core\11.9.1\feign-core-11.9.1.jar;C:\Users\Matheus Miquelini\.m2\repository\io\github\openfeign\feign-okhttp\11.9.1\feign-okhttp-11.9.1.jar;C:\Users\Matheus Miquelini\.m2\repository\io\github\openfeign\feign-jackson\11.9.1\feign-jackson-11.9.1.jar;C:\Users\Matheus Miquelini\.m2\repository\io\github\openfeign\feign-hystrix\11.9.1\feign-hystrix-11.9.1.jar;C:\Users\Matheus Miquelini\.m2\repository\com\neovisionaries\nv-websocket-client\2.14\nv-websocket-client-2.14.jar;C:\Users\Matheus Miquelini\.m2\repository\com\netflix\hystrix\hystrix-core\1.5.18\hystrix-core-1.5.18.jar;C:\Users\Matheus Miquelini\.m2\repository\com\netflix\archaius\archaius-core\0.4.1\archaius-core-0.4.1.jar;C:\Users\Matheus Miquelini\.m2\repository\io\reactivex\rxjava\1.2.0\rxjava-1.2.0.jar;C:\Users\Matheus Miquelini\.m2\repository\org\hdrhistogram\HdrHistogram\2.1.9\HdrHistogram-2.1.9.jar;C:\Users\Matheus Miquelini\.m2\repository\commons-io\commons-io\2.11.0\commons-io-2.11.0.jar;C:\Users\Matheus Miquelini\.m2\repository\com\github\twitch4j\twitch4j-auth\1.12.0\twitch4j-auth-1.12.0.jar;C:\Users\Matheus Miquelini\.m2\repository\com\github\twitch4j\twitch4j-chat\1.12.0\twitch4j-chat-1.12.0.jar;C:\Users\Matheus Miquelini\.m2\repository\com\github\twitch4j\twitch4j-client-websocket\1.12.0\twitch4j-client-websocket-1.12.0.jar;C:\Users\Matheus Miquelini\.m2\repository\com\github\twitch4j\twitch4j-common\1.12.0\twitch4j-common-1.12.0.jar;C:\Users\Matheus Miquelini\.m2\repository\com\github\philippheuer\events4j\events4j-core\0.11.0\events4j-core-0.11.0.jar;C:\Users\Matheus Miquelini\.m2\repository\com\github\philippheuer\events4j\events4j-api\0.11.0\events4j-api-0.11.0.jar;C:\Users\Matheus Miquelini\.m2\repository\com\github\philippheuer\events4j\events4j-handler-simple\0.11.0\events4j-handler-simple-0.11.0.jar;C:\Users\Matheus Miquelini\.m2\repository\com\fasterxml\jackson\datatype\jackson-datatype-jsr310\2.18.2\jackson-datatype-jsr310-2.18.2.jar;C:\Users\Matheus Miquelini\.m2\repository\com\github\twitch4j\twitch4j-eventsub-common\1.12.0\twitch4j-eventsub-common-1.12.0.jar;C:\Users\Matheus Miquelini\.m2\repository\com\github\twitch4j\twitch4j-extensions\1.12.0\twitch4j-extensions-1.12.0.jar;C:\Users\Matheus Miquelini\.m2\repository\com\github\twitch4j\twitch4j-graphql\1.12.0\twitch4j-graphql-1.12.0.jar;C:\Users\Matheus Miquelini\.m2\repository\com\apollographql\apollo\apollo-runtime\2.5.13\apollo-runtime-2.5.13.jar;C:\Users\Matheus Miquelini\.m2\repository\com\apollographql\apollo\apollo-api-jvm\2.5.13\apollo-api-jvm-2.5.13.jar;C:\Users\Matheus Miquelini\.m2\repository\com\squareup\okio\okio\2.9.0\okio-2.9.0.jar;C:\Users\Matheus Miquelini\.m2\repository\com\apollographql\apollo\apollo-normalized-cache-jvm\2.5.13\apollo-normalized-cache-jvm-2.5.13.jar;C:\Users\Matheus Miquelini\.m2\repository\com\apollographql\apollo\apollo-normalized-cache-api-jvm\2.5.13\apollo-normalized-cache-api-jvm-2.5.13.jar;C:\Users\Matheus Miquelini\.m2\repository\com\benasher44\uuid-jvm\0.2.0\uuid-jvm-0.2.0.jar;C:\Users\Matheus Miquelini\.m2\repository\com\nytimes\android\cache\2.0.2\cache-2.0.2.jar;C:\Users\Matheus Miquelini\.m2\repository\com\apollographql\apollo\apollo-http-cache-api\2.5.13\apollo-http-cache-api-2.5.13.jar;C:\Users\Matheus Miquelini\.m2\repository\com\github\twitch4j\twitch4j-helix\1.12.0\twitch4j-helix-1.12.0.jar;C:\Users\Matheus Miquelini\.m2\repository\com\github\twitch4j\twitch4j-kraken\1.12.0\twitch4j-kraken-1.12.0.jar;C:\Users\Matheus Miquelini\.m2\repository\com\github\twitch4j\twitch4j-messaginginterface\1.12.0\twitch4j-messaginginterface-1.12.0.jar;C:\Users\Matheus Miquelini\.m2\repository\com\github\twitch4j\twitch4j-pubsub\1.12.0\twitch4j-pubsub-1.12.0.jar;C:\Users\Matheus Miquelini\.m2\repository\com\github\twitch4j\twitch4j-util\1.12.0\twitch4j-util-1.12.0.jar;C:\Users\Matheus Miquelini\.m2\repository\io\github\xanthic\cache\cache-provider-caffeine\0.1.1\cache-provider-caffeine-0.1.1.jar;C:\Users\Matheus Miquelini\.m2\repository\io\github\xanthic\cache\cache-core\0.1.1\cache-core-0.1.1.jar;C:\Users\Matheus Miquelini\.m2\repository\io\github\xanthic\cache\cache-api\0.1.1\cache-api-0.1.1.jar;C:\Users\Matheus Miquelini\.m2\repository\com\github\ben-manes\caffeine\caffeine\2.9.3\caffeine-2.9.3.jar;C:\Users\Matheus Miquelini\.m2\repository\org\checkerframework\checker-qual\3.19.0\checker-qual-3.19.0.jar;C:\Users\Matheus Miquelini\.m2\repository\com\google\errorprone\error_prone_annotations\2.10.0\error_prone_annotations-2.10.0.jar;C:\Users\Matheus Miquelini\.m2\repository\com\fasterxml\jackson\core\jackson-databind\2.18.2\jackson-databind-2.18.2.jar;C:\Users\Matheus Miquelini\.m2\repository\com\fasterxml\jackson\core\jackson-annotations\2.18.2\jackson-annotations-2.18.2.jar;C:\Users\Matheus Miquelini\.m2\repository\com\fasterxml\jackson\core\jackson-core\2.18.2\jackson-core-2.18.2.jar;C:\Users\Matheus Miquelini\.m2\repository\org\apache\pdfbox\pdfbox\2.0.29\pdfbox-2.0.29.jar;C:\Users\Matheus Miquelini\.m2\repository\org\apache\pdfbox\fontbox\2.0.29\fontbox-2.0.29.jar;C:\Users\Matheus Miquelini\.m2\repository\commons-logging\commons-logging\1.2\commons-logging-1.2.jar;C:\Users\Matheus Miquelini\.m2\repository\com\squareup\okhttp3\okhttp\4.10.0\okhttp-4.10.0.jar;C:\Users\Matheus Miquelini\.m2\repository\com\squareup\okio\okio-jvm\3.0.0\okio-jvm-3.0.0.jar;C:\Users\Matheus Miquelini\.m2\repository\org\jetbrains\kotlin\kotlin-stdlib-jdk8\1.5.31\kotlin-stdlib-jdk8-1.5.31.jar;C:\Users\Matheus Miquelini\.m2\repository\org\jetbrains\kotlin\kotlin-stdlib-jdk7\1.5.31\kotlin-stdlib-jdk7-1.5.31.jar;C:\Users\Matheus Miquelini\.m2\repository\org\jetbrains\kotlin\kotlin-stdlib-common\1.5.31\kotlin-stdlib-common-1.5.31.jar;C:\Users\Matheus Miquelini\.m2\repository\org\jetbrains\kotlin\kotlin-stdlib\1.6.20\kotlin-stdlib-1.6.20.jar;C:\Users\Matheus Miquelini\.m2\repository\com\google\apis\google-api-services-youtube\v3-rev222-1.25.0\google-api-services-youtube-v3-rev222-1.25.0.jar;C:\Users\Matheus Miquelini\.m2\repository\com\google\api-client\google-api-client\1.25.0\google-api-client-1.25.0.jar;C:\Users\Matheus Miquelini\.m2\repository\com\google\oauth-client\google-oauth-client\1.25.0\google-oauth-client-1.25.0.jar;C:\Users\Matheus Miquelini\.m2\repository\com\google\http-client\google-http-client\1.25.0\google-http-client-1.25.0.jar;C:\Users\Matheus Miquelini\.m2\repository\org\apache\httpcomponents\httpclient\4.5.5\httpclient-4.5.5.jar;C:\Users\Matheus Miquelini\.m2\repository\org\apache\httpcomponents\httpcore\4.4.9\httpcore-4.4.9.jar;C:\Users\Matheus Miquelini\.m2\repository\commons-codec\commons-codec\1.10\commons-codec-1.10.jar;C:\Users\Matheus Miquelini\.m2\repository\com\google\j2objc\j2objc-annotations\1.1\j2objc-annotations-1.1.jar;C:\Users\Matheus Miquelini\.m2\repository\com\google\code\findbugs\jsr305\3.0.2\jsr305-3.0.2.jar;C:\Users\Matheus Miquelini\.m2\repository\com\google\http-client\google-http-client-jackson2\1.25.0\google-http-client-jackson2-1.25.0.jar;C:\Users\Matheus Miquelini\.m2\repository\com\google\guava\guava\20.0\guava-20.0.jar;C:\Users\Matheus Miquelini\.m2\repository\org\json\json\20210307\json-20210307.jar;C:\Users\Matheus Miquelini\.m2\repository\org\slf4j\slf4j-api\2.0.9\slf4j-api-2.0.9.jar;C:\Users\Matheus Miquelini\.m2\repository\ch\qos\logback\logback-classic\1.4.11\logback-classic-1.4.11.jar;C:\Users\Matheus Miquelini\.m2\repository\ch\qos\logback\logback-core\1.4.11\logback-core-1.4.11.jar;C:\Users\Matheus Miquelini\.m2\repository\org\apache\commons\commons-lang3\3.12.0\commons-lang3-3.12.0.jar;C:\Users\Matheus Miquelini\.m2\repository\org\junit\jupiter\junit-jupiter\5.10.0\junit-jupiter-5.10.0.jar;C:\Users\Matheus Miquelini\.m2\repository\org\junit\jupiter\junit-jupiter-api\5.10.0\junit-jupiter-api-5.10.0.jar;C:\Users\Matheus Miquelini\.m2\repository\org\opentest4j\opentest4j\1.3.0\opentest4j-1.3.0.jar;C:\Users\Matheus Miquelini\.m2\repository\org\junit\platform\junit-platform-commons\1.10.0\junit-platform-commons-1.10.0.jar;C:\Users\Matheus Miquelini\.m2\repository\org\apiguardian\apiguardian-api\1.1.2\apiguardian-api-1.1.2.jar;C:\Users\Matheus Miquelini\.m2\repository\org\junit\jupiter\junit-jupiter-params\5.10.0\junit-jupiter-params-5.10.0.jar;C:\Users\Matheus Miquelini\.m2\repository\org\junit\jupiter\junit-jupiter-engine\5.10.0\junit-jupiter-engine-5.10.0.jar;C:\Users\Matheus Miquelini\.m2\repository\org\junit\platform\junit-platform-engine\1.10.0\junit-platform-engine-1.10.0.jar;C:\Users\Matheus Miquelini\.m2\repository\org\mockito\mockito-core\5.5.0\mockito-core-5.5.0.jar;C:\Users\Matheus Miquelini\.m2\repository\net\bytebuddy\byte-buddy\1.14.6\byte-buddy-1.14.6.jar;C:\Users\Matheus Miquelini\.m2\repository\net\bytebuddy\byte-buddy-agent\1.14.6\byte-buddy-agent-1.14.6.jar;C:\Users\Matheus Miquelini\.m2\repository\org\objenesis\objenesis\3.3\objenesis-3.3.jar;"/>
    <property name="java.vm.vendor" value="Eclipse Adoptium"/>
    <property name="sun.arch.data.model" value="64"/>
    <property name="user.variant" value=""/>
    <property name="java.vendor.url" value="https://adoptium.net/"/>
    <property name="user.timezone" value="America/Sao_Paulo"/>
    <property name="os.name" value="Windows 11"/>
    <property name="java.vm.specification.version" value="21"/>
    <property name="sun.java.launcher" value="SUN_STANDARD"/>
    <property name="user.country" value="BR"/>
    <property name="sun.boot.library.path" value="C:\Program Files\Eclipse Adoptium\jdk-21.0.4.7-hotspot\bin"/>
    <property name="sun.java.command" value="C:\Users\Matheus Miquelini\AppData\Local\Temp\surefire3804823350041565877\surefirebooter-20250116130135514_3.jar C:\Users\Matheus Miquelini\AppData\Local\Temp\surefire3804823350041565877 2025-01-16T13-01-35_361-jvmRun1 surefire-20250116130135514_1tmp surefire_0-20250116130135514_2tmp"/>
    <property name="jdk.debug" value="release"/>
    <property name="surefire.test.class.path" value="C:\Users\Matheus Miquelini\Documents\Projetos\chatbot_java\chatbot\target\test-classes;C:\Users\Matheus Miquelini\Documents\Projetos\chatbot_java\chatbot\target\classes;C:\Users\Matheus Miquelini\.m2\repository\com\github\twitch4j\twitch4j\1.12.0\twitch4j-1.12.0.jar;C:\Users\Matheus Miquelini\.m2\repository\org\jetbrains\annotations\23.0.0\annotations-23.0.0.jar;C:\Users\Matheus Miquelini\.m2\repository\commons-configuration\commons-configuration\1.10\commons-configuration-1.10.jar;C:\Users\Matheus Miquelini\.m2\repository\commons-lang\commons-lang\2.6\commons-lang-2.6.jar;C:\Users\Matheus Miquelini\.m2\repository\com\bucket4j\bucket4j_jdk8-core\8.1.0\bucket4j_jdk8-core-8.1.0.jar;C:\Users\Matheus Miquelini\.m2\repository\com\github\philippheuer\credentialmanager\credentialmanager\0.1.4\credentialmanager-0.1.4.jar;C:\Users\Matheus Miquelini\.m2\repository\io\github\openfeign\feign-slf4j\11.9.1\feign-slf4j-11.9.1.jar;C:\Users\Matheus Miquelini\.m2\repository\io\github\openfeign\feign-core\11.9.1\feign-core-11.9.1.jar;C:\Users\Matheus Miquelini\.m2\repository\io\github\openfeign\feign-okhttp\11.9.1\feign-okhttp-11.9.1.jar;C:\Users\Matheus Miquelini\.m2\repository\io\github\openfeign\feign-jackson\11.9.1\feign-jackson-11.9.1.jar;C:\Users\Matheus Miquelini\.m2\repository\io\github\openfeign\feign-hystrix\11.9.1\feign-hystrix-11.9.1.jar;C:\Users\Matheus Miquelini\.m2\repository\com\neovisionaries\nv-websocket-client\2.14\nv-websocket-client-2.14.jar;C:\Users\Matheus Miquelini\.m2\repository\com\netflix\hystrix\hystrix-core\1.5.18\hystrix-core-1.5.18.jar;C:\Users\Matheus Miquelini\.m2\repository\com\netflix\archaius\archaius-core\0.4.1\archaius-core-0.4.1.jar;C:\Users\Matheus Miquelini\.m2\repository\io\reactivex\rxjava\1.2.0\rxjava-1.2.0.jar;C:\Users\Matheus Miquelini\.m2\repository\org\hdrhistogram\HdrHistogram\2.1.9\HdrHistogram-2.1.9.jar;C:\Users\Matheus Miquelini\.m2\repository\commons-io\commons-io\2.11.0\commons-io-2.11.0.jar;C:\Users\Matheus Miquelini\.m2\repository\com\github\twitch4j\twitch4j-auth\1.12.0\twitch4j-auth-1.12.0.jar;C:\Users\Matheus Miquelini\.m2\repository\com\github\twitch4j\twitch4j-chat\1.12.0\twitch4j-chat-1.12.0.jar;C:\Users\Matheus Miquelini\.m2\repository\com\github\twitch4j\twitch4j-client-websocket\1.12.0\twitch4j-client-websocket-1.12.0.jar;C:\Users\Matheus Miquelini\.m2\repository\com\github\twitch4j\twitch4j-common\1.12.0\twitch4j-common-1.12.0.jar;C:\Users\Matheus Miquelini\.m2\repository\com\github\philippheuer\events4j\events4j-core\0.11.0\events4j-core-0.11.0.jar;C:\Users\Matheus Miquelini\.m2\repository\com\github\philippheuer\events4j\events4j-api\0.11.0\events4j-api-0.11.0.jar;C:\Users\Matheus Miquelini\.m2\repository\com\github\philippheuer\events4j\events4j-handler-simple\0.11.0\events4j-handler-simple-0.11.0.jar;C:\Users\Matheus Miquelini\.m2\repository\com\fasterxml\jackson\datatype\jackson-datatype-jsr310\2.18.2\jackson-datatype-jsr310-2.18.2.jar;C:\Users\Matheus Miquelini\.m2\repository\com\github\twitch4j\twitch4j-eventsub-common\1.12.0\twitch4j-eventsub-common-1.12.0.jar;C:\Users\Matheus Miquelini\.m2\repository\com\github\twitch4j\twitch4j-extensions\1.12.0\twitch4j-extensions-1.12.0.jar;C:\Users\Matheus Miquelini\.m2\repository\com\github\twitch4j\twitch4j-graphql\1.12.0\twitch4j-graphql-1.12.0.jar;C:\Users\Matheus Miquelini\.m2\repository\com\apollographql\apollo\apollo-runtime\2.5.13\apollo-runtime-2.5.13.jar;C:\Users\Matheus Miquelini\.m2\repository\com\apollographql\apollo\apollo-api-jvm\2.5.13\apollo-api-jvm-2.5.13.jar;C:\Users\Matheus Miquelini\.m2\repository\com\squareup\okio\okio\2.9.0\okio-2.9.0.jar;C:\Users\Matheus Miquelini\.m2\repository\com\apollographql\apollo\apollo-normalized-cache-jvm\2.5.13\apollo-normalized-cache-jvm-2.5.13.jar;C:\Users\Matheus Miquelini\.m2\repository\com\apollographql\apollo\apollo-normalized-cache-api-jvm\2.5.13\apollo-normalized-cache-api-jvm-2.5.13.jar;C:\Users\Matheus Miquelini\.m2\repository\com\benasher44\uuid-jvm\0.2.0\uuid-jvm-0.2.0.jar;C:\Users\Matheus Miquelini\.m2\repository\com\nytimes\android\cache\2.0.2\cache-2.0.2.jar;C:\Users\Matheus Miquelini\.m2\repository\com\apollographql\apollo\apollo-http-cache-api\2.5.13\apollo-http-cache-api-2.5.13.jar;C:\Users\Matheus Miquelini\.m2\repository\com\github\twitch4j\twitch4j-helix\1.12.0\twitch4j-helix-1.12.0.jar;C:\Users\Matheus Miquelini\.m2\repository\com\github\twitch4j\twitch4j-kraken\1.12.0\twitch4j-kraken-1.12.0.jar;C:\Users\Matheus Miquelini\.m2\repository\com\github\twitch4j\twitch4j-messaginginterface\1.12.0\twitch4j-messaginginterface-1.12.0.jar;C:\Users\Matheus Miquelini\.m2\repository\com\github\twitch4j\twitch4j-pubsub\1.12.0\twitch4j-pubsub-1.12.0.jar;C:\Users\Matheus Miquelini\.m2\repository\com\github\twitch4j\twitch4j-util\1.12.0\twitch4j-util-1.12.0.jar;C:\Users\Matheus Miquelini\.m2\repository\io\github\xanthic\cache\cache-provider-caffeine\0.1.1\cache-provider-caffeine-0.1.1.jar;C:\Users\Matheus Miquelini\.m2\repository\io\github\xanthic\cache\cache-core\0.1.1\cache-core-0.1.1.jar;C:\Users\Matheus Miquelini\.m2\repository\io\github\xanthic\cache\cache-api\0.1.1\cache-api-0.1.1.jar;C:\Users\Matheus Miquelini\.m2\repository\com\github\ben-manes\caffeine\caffeine\2.9.3\caffeine-2.9.3.jar;C:\Users\Matheus Miquelini\.m2\repository\org\checkerframework\checker-qual\3.19.0\checker-qual-3.19.0.jar;C:\Users\Matheus Miquelini\.m2\repository\com\google\errorprone\error_prone_annotations\2.10.0\error_prone_annotations-2.10.0.jar;C:\Users\Matheus Miquelini\.m2\repository\com\fasterxml\jackson\core\jackson-databind\2.18.2\jackson-databind-2.18.2.jar;C:\Users\Matheus Miquelini\.m2\repository\com\fasterxml\jackson\core\jackson-annotations\2.18.2\jackson-annotations-2.18.2.jar;C:\Users\Matheus Miquelini\.m2\repository\com\fasterxml\jackson\core\jackson-core\2.18.2\jackson-core-2.18.2.jar;C:\Users\Matheus Miquelini\.m2\repository\org\apache\pdfbox\pdfbox\2.0.29\pdfbox-2.0.29.jar;C:\Users\Matheus Miquelini\.m2\repository\org\apache\pdfbox\fontbox\2.0.29\fontbox-2.0.29.jar;C:\Users\Matheus Miquelini\.m2\repository\commons-logging\commons-logging\1.2\commons-logging-1.2.jar;C:\Users\Matheus Miquelini\.m2\repository\com\squareup\okhttp3\okhttp\4.10.0\okhttp-4.10.0.jar;C:\Users\Matheus Miquelini\.m2\repository\com\squareup\okio\okio-jvm\3.0.0\okio-jvm-3.0.0.jar;C:\Users\Matheus Miquelini\.m2\repository\org\jetbrains\kotlin\kotlin-stdlib-jdk8\1.5.31\kotlin-stdlib-jdk8-1.5.31.jar;C:\Users\Matheus Miquelini\.m2\repository\org\jetbrains\kotlin\kotlin-stdlib-jdk7\1.5.31\kotlin-stdlib-jdk7-1.5.31.jar;C:\Users\Matheus Miquelini\.m2\repository\org\jetbrains\kotlin\kotlin-stdlib-common\1.5.31\kotlin-stdlib-common-1.5.31.jar;C:\Users\Matheus Miquelini\.m2\repository\org\jetbrains\kotlin\kotlin-stdlib\1.6.20\kotlin-stdlib-1.6.20.jar;C:\Users\Matheus Miquelini\.m2\repository\com\google\apis\google-api-services-youtube\v3-rev222-1.25.0\google-api-services-youtube-v3-rev222-1.25.0.jar;C:\Users\Matheus Miquelini\.m2\repository\com\google\api-client\google-api-client\1.25.0\google-api-client-1.25.0.jar;C:\Users\Matheus Miquelini\.m2\repository\com\google\oauth-client\google-oauth-client\1.25.0\google-oauth-client-1.25.0.jar;C:\Users\Matheus Miquelini\.m2\repository\com\google\http-client\google-http-client\1.25.0\google-http-client-1.25.0.jar;C:\Users\Matheus Miquelini\.m2\repository\org\apache\httpcomponents\httpclient\4.5.5\httpclient-4.5.5.jar;C:\Users\Matheus Miquelini\.m2\repository\org\apache\httpcomponents\httpcore\4.4.9\httpcore-4.4.9.jar;C:\Users\Matheus Miquelini\.m2\repository\commons-codec\commons-codec\1.10\commons-codec-1.10.jar;C:\Users\Matheus Miquelini\.m2\repository\com\google\j2objc\j2objc-annotations\1.1\j2objc-annotations-1.1.jar;C:\Users\Matheus Miquelini\.m2\repository\com\google\code\findbugs\jsr305\3.0.2\jsr305-3.0.2.jar;C:\Users\Matheus Miquelini\.m2\repository\com\google\http-client\google-http-client-jackson2\1.25.0\google-http-client-jackson2-1.25.0.jar;C:\Users\Matheus Miquelini\.m2\repository\com\google\guava\guava\20.0\guava-20.0.jar;C:\Users\Matheus Miquelini\.m2\repository\org\json\json\20210307\json-20210307.jar;C:\Users\Matheus Miquelini\.m2\repository\org\slf4j\slf4j-api\2.0.9\slf4j-api-2.0.9.jar;C:\Users\Matheus Miquelini\.m2\repository\ch\qos\logback\logback-classic\1.4.11\logback-classic-1.4.11.jar;C:\Users\Matheus Miquelini\.m2\repository\ch\qos\logback\logback-core\1.4.11\logback-core-1.4.11.jar;C:\Users\Matheus Miquelini\.m2\repository\org\apache\commons\commons-lang3\3.12.0\commons-lang3-3.12.0.jar;C:\Users\Matheus Miquelini\.m2\repository\org\junit\jupiter\junit-jupiter\5.10.0\junit-jupiter-5.10.0.jar;C:\Users\Matheus Miquelini\.m2\repository\org\junit\jupiter\junit-jupiter-api\5.10.0\junit-jupiter-api-5.10.0.jar;C:\Users\Matheus Miquelini\.m2\repository\org\opentest4j\opentest4j\1.3.0\opentest4j-1.3.0.jar;C:\Users\Matheus Miquelini\.m2\repository\org\junit\platform\junit-platform-commons\1.10.0\junit-platform-commons-1.10.0.jar;C:\Users\Matheus Miquelini\.m2\repository\org\apiguardian\apiguardian-api\1.1.2\apiguardian-api-1.1.2.jar;C:\Users\Matheus Miquelini\.m2\repository\org\junit\jupiter\junit-jupiter-params\5.10.0\junit-jupiter-params-5.10.0.jar;C:\Users\Matheus Miquelini\.m2\repository\org\junit\jupiter\junit-jupiter-engine\5.10.0\junit-jupiter-engine-5.10.0.jar;C:\Users\Matheus Miquelini\.m2\repository\org\junit\platform\junit-platform-engine\1.10.0\junit-platform-engine-1.10.0.jar;C:\Users\Matheus Miquelini\.m2\repository\org\mockito\mockito-core\5.5.0\mockito-core-5.5.0.jar;C:\Users\Matheus Miquelini\.m2\repository\net\bytebuddy\byte-buddy\1.14.6\byte-buddy-1.14.6.jar;C:\Users\Matheus Miquelini\.m2\repository\net\bytebuddy\byte-buddy-agent\1.14.6\byte-buddy-agent-1.14.6.jar;C:\Users\Matheus Miquelini\.m2\repository\org\objenesis\objenesis\3.3\objenesis-3.3.jar;"/>
    <property name="sun.cpu.endian" value="little"/>
    <property name="user.home" value="C:\Users\Matheus Miquelini"/>
    <property name="user.language" value="pt"/>
    <property name="java.specification.vendor" value="Oracle Corporation"/>
    <property name="java.version.date" value="2024-07-16"/>
    <property name="java.home" value="C:\Program Files\Eclipse Adoptium\jdk-21.0.4.7-hotspot"/>
    <property name="file.separator" value="\"/>
    <property name="basedir" value="C:\Users\Matheus Miquelini\Documents\Projetos\chatbot_java\chatbot"/>
    <property name="java.vm.compressedOopsMode" value="Zero based"/>
    <property name="line.separator" value="&#10;"/>
    <property name="java.vm.specification.vendor" value="Oracle Corporation"/>
    <property name="java.specification.name" value="Java Platform API Specification"/>
    <property name="surefire.real.class.path" value="C:\Users\Matheus Miquelini\AppData\Local\Temp\surefire3804823350041565877\surefirebooter-20250116130135514_3.jar"/>
    <property name="user.script" value=""/>
    <property name="sun.management.compiler" value="HotSpot 64-Bit Tiered Compilers"/>
    <property name="java.runtime.version" value="21.0.4+7-LTS"/>
    <property name="user.name" value="Matheus Miquelini"/>
    <property name="stdout.encoding" value="Cp1252"/>
    <property name="path.separator" value=";"/>
    <property name="os.version" value="10.0"/>
    <property name="java.runtime.name" value="OpenJDK Runtime Environment"/>
    <property name="file.encoding" value="UTF-8"/>
    <property name="java.vm.name" value="OpenJDK 64-Bit Server VM"/>
    <property name="java.vendor.version" value="Temurin-21.0.4+7"/>
    <property name="localRepository" value="C:\Users\Matheus Miquelini\.m2\repository"/>
    <property name="java.vendor.url.bug" value="https://github.com/adoptium/adoptium-support/issues"/>
    <property name="java.io.tmpdir" value="C:\Users\MATHEU~1\AppData\Local\Temp\"/>
    <property name="java.version" value="21.0.4"/>
    <property name="user.dir" value="C:\Users\Matheus Miquelini\Documents\Projetos\chatbot_java\chatbot"/>
    <property name="os.arch" value="amd64"/>
    <property name="java.vm.specification.name" value="Java Virtual Machine Specification"/>
    <property name="sun.os.patch.level" value=""/>
    <property name="native.encoding" value="Cp1252"/>
    <property name="java.library.path" value="C:\Program Files\Eclipse Adoptium\jdk-21.0.4.7-hotspot\bin;C:\WINDOWS\Sun\Java\bin;C:\WINDOWS\system32;C:\WINDOWS;C:\Program Files\Eclipse Adoptium\jdk-21.0.4.7-hotspot\bin;C:\Program Files\Common Files\Oracle\Java\javapath;C:\Program Files (x86)\Common Files\Oracle\Java\javapath;C:\WINDOWS\system32;C:\WINDOWS;C:\WINDOWS\System32\Wbem;C:\WINDOWS\System32\WindowsPowerShell\v1.0\;C:\WINDOWS\System32\OpenSSH\;C:\Program Files\Git\cmd;C:\Program Files (x86)\MAVProxy;C:\Program Files (x86)\MAVProxy;C:\Program Files\nodejs\;C:\Maven\apache-maven-3.9.6\bin;C:\Gradle\gradle-8.6\bin;C:\Program Files\Java\jdk-17\bin;C:\Program Files\Amazon\AWSCLIV2\;C:\Program Files\usbipd-win\;C:\Maven\apache-maven-3.9.6\bin;C:\Program Files (x86)\GNU Arm Embedded Toolchain\10 2020-q4-major\bin;C:\Users\Matheus Miquelini\AppData\Local\Programs\Python\Python311\Scripts\;C:\Users\Matheus Miquelini\AppData\Local\Programs\Python\Python311\;C:\Users\Matheus Miquelini\AppData\Local\Microsoft\WindowsApps;C:\Users\Matheus Miquelini\AppData\Local\Programs\Microsoft VS Code\bin;C:\Users\Matheus Miquelini\AppData\Local\GitHubDesktop\bin;C:\Program Files (x86)\GnuWin32\bin;C:\Flex Windows\gcc\bin;C:\Flex Windows\Lex\bin;C:\Flex Windows\bison\bin;C:\Users\Matheus Miquelini\AppData\Roaming\npm;;."/>
    <property name="java.vm.info" value="mixed mode, sharing"/>
    <property name="stderr.encoding" value="Cp1252"/>
    <property name="java.vendor" value="Eclipse Adoptium"/>
    <property name="java.vm.version" value="21.0.4+7-LTS"/>
    <property name="sun.io.unicode.encoding" value="UnicodeLittle"/>
    <property name="java.class.version" value="65.0"/>
  </properties>
  <testcase name="testProcessMessage" classname="com.o_miquelini.bot.youtube.YouTubeBotTest" time="0.046">
    <system-out><![CDATA[##############Processing message: -b whats 1+1?
##############Response: 2
]]></system-out>
  </testcase>
</testsuite>